  002.cpp
c:\users\fsps6\downloads\pang-gpu\pang\ai\pang - c++\pang\game.h(121): warning C4244: 'argument': conversion from 'int' to 'float', possible loss of data
c:\users\fsps6\downloads\pang-gpu\pang\ai\pang - c++\pang\game.h(122): warning C4244: 'argument': conversion from 'int' to 'float', possible loss of data
c:\users\fsps6\downloads\pang-gpu\pang\ai\pang - c++\pang\game.h(123): warning C4244: 'argument': conversion from 'int' to 'float', possible loss of data
c:\users\fsps6\downloads\pang-gpu\pang\ai\pang - c++\pang\game.h(124): warning C4244: 'argument': conversion from 'int' to 'float', possible loss of data
c:\users\fsps6\downloads\pang-gpu\pang\ai\pang - c++\pang\game.h(164): warning C4244: 'argument': conversion from 'int' to 'float', possible loss of data
c:\users\fsps6\downloads\pang-gpu\pang\ai\pang - c++\pang\game.h(165): warning C4244: 'argument': conversion from 'int' to 'float', possible loss of data
c:\users\fsps6\downloads\pang-gpu\pang\ai\pang - c++\pang\game.h(170): warning C4244: 'argument': conversion from 'int' to 'float', possible loss of data
c:\users\fsps6\downloads\pang-gpu\pang\ai\pang - c++\pang\game.h(171): warning C4244: 'argument': conversion from 'float' to 'int', possible loss of data
c:\users\fsps6\downloads\pang-gpu\pang\ai\pang - c++\pang\game.h(174): warning C4244: 'argument': conversion from 'int' to 'float', possible loss of data
c:\users\fsps6\downloads\pang-gpu\pang\ai\pang - c++\pang\game.h(175): warning C4244: 'argument': conversion from 'float' to 'int', possible loss of data
c:\users\fsps6\downloads\pang-gpu\pang\ai\pang - c++\pang\game.h(181): warning C4244: 'argument': conversion from 'float' to 'int', possible loss of data
c:\users\fsps6\downloads\pang-gpu\pang\ai\pang - c++\pang\game.h(252): warning C4018: '<': signed/unsigned mismatch
c:\users\fsps6\downloads\pang-gpu\pang\ai\pang - c++\pang\game.h(302): warning C4244: 'argument': conversion from 'double' to 'char', possible loss of data
c:\users\fsps6\downloads\pang-gpu\pang\ai\pang - c++\pang\game.h(304): warning C4244: 'argument': conversion from 'double' to 'char', possible loss of data
c:\users\fsps6\downloads\pang-gpu\pang\ai\pang - c++\pang\eric.h(76): warning C4018: '<': signed/unsigned mismatch
c:\users\fsps6\downloads\pang-gpu\pang\ai\pang - c++\pang\eric.h(97): warning C4800: 'int': forcing value to bool 'true' or 'false' (performance warning)
  Generating code
  2 of 1146 functions ( 0.2%) were compiled, the rest were copied from previous compilation.
    0 functions were new in current compilation
    14 functions had inline decision re-evaluated but remain unchanged
  Finished generating code
  pang.vcxproj -> C:\Users\fsps6\Downloads\pang-GPU\pang\AI\pang - C++\Release\pang.exe
  pang.vcxproj -> C:\Users\fsps6\Downloads\pang-GPU\pang\AI\pang - C++\Release\pang.pdb (Full PDB)
